TN:
SF:E:\Programming\news-viewer\src\components\FreshNews.vue
FNF:0
FNH:0
DA:16,1
LF:1
LH:1
BRF:0
BRH:0
end_of_record
TN:
SF:E:\Programming\news-viewer\src\components\SavedNews.vue
FN:34,(anonymous_1)
FN:40,(anonymous_2)
FN:41,(anonymous_3)
FNF:3
FNH:3
FNDA:3,(anonymous_1)
FNDA:4,(anonymous_2)
FNDA:8,(anonymous_3)
DA:23,2
DA:35,3
DA:41,4
DA:42,8
DA:46,4
LF:5
LH:5
BRDA:42,0,0,8
BRDA:42,0,1,6
BRF:2
BRH:2
end_of_record
TN:
SF:E:\Programming\news-viewer\src\components\SingleNews.vue
FN:31,(anonymous_1)
FN:34,(anonymous_2)
FN:39,(anonymous_3)
FN:44,(anonymous_4)
FN:45,(anonymous_5)
FN:48,(anonymous_6)
FN:49,(anonymous_7)
FNF:7
FNH:7
FNDA:1,(anonymous_1)
FNDA:2,(anonymous_2)
FNDA:1,(anonymous_3)
FNDA:1,(anonymous_4)
FNDA:1,(anonymous_5)
FNDA:9,(anonymous_6)
FNDA:2,(anonymous_7)
DA:32,1
DA:35,2
DA:36,1
DA:37,1
DA:40,1
DA:41,1
DA:42,1
DA:45,2
DA:46,1
DA:49,11
LF:10
LH:10
BRDA:35,0,0,1
BRDA:35,0,1,1
BRF:2
BRH:2
end_of_record
TN:
SF:E:\Programming\news-viewer\src\constants\newsCategories.js
FNF:0
FNH:0
DA:1,2
DA:2,2
DA:3,2
DA:4,2
DA:6,2
LF:5
LH:5
BRF:0
BRH:0
end_of_record
TN:
SF:E:\Programming\news-viewer\src\constants\urls.js
FNF:0
FNH:0
DA:1,2
LF:1
LH:1
BRF:0
BRH:0
end_of_record
TN:
SF:E:\Programming\news-viewer\src\plugins\axios.js
FNF:0
FNH:0
DA:5,1
LF:1
LH:1
BRF:0
BRH:0
end_of_record
TN:
SF:E:\Programming\news-viewer\src\services\newsService.js
FN:4,(anonymous_0)
FNF:1
FNH:1
FNDA:1,(anonymous_0)
DA:4,2
DA:5,1
LF:2
LH:2
BRF:0
BRH:0
end_of_record
TN:
SF:E:\Programming\news-viewer\src\views\News.vue
FN:71,(anonymous_1)
FN:82,(anonymous_2)
FN:86,(anonymous_3)
FN:95,(anonymous_4)
FN:107,(anonymous_5)
FN:110,(anonymous_6)
FN:116,(anonymous_7)
FN:119,(anonymous_8)
FNF:8
FNH:5
FNDA:1,(anonymous_1)
FNDA:1,(anonymous_2)
FNDA:1,(anonymous_3)
FNDA:3,(anonymous_4)
FNDA:0,(anonymous_5)
FNDA:0,(anonymous_6)
FNDA:1,(anonymous_7)
FNDA:0,(anonymous_8)
DA:60,1
DA:61,1
DA:62,1
DA:63,1
DA:64,1
DA:66,1
DA:67,1
DA:72,1
DA:83,1
DA:87,1
DA:88,0
DA:90,1
DA:91,1
DA:95,1
DA:96,3
DA:104,1
DA:105,1
DA:108,0
DA:111,0
DA:117,1
DA:120,0
DA:121,0
LF:22
LH:17
BRDA:77,0,0,1
BRDA:77,0,1,1
BRDA:87,1,0,0
BRDA:87,1,1,1
BRF:4
BRH:3
end_of_record
